# JRE version: Java(TM) SE Runtime Environment (17.0.2+8) (build 17.0.2+8-LTS-86)
# Java VM: Java HotSpot(TM) 64-Bit Server VM (17.0.2+8-LTS-86, mixed mode, emulated-client, sharing, tiered, compressed oops, compressed class ptrs, g1 gc, windows-amd64)
GC Precious Log:
 CPUs: 4 total, 4 available
 Memory: 3460M
 Large Page Support: Disabled
 NUMA Support: Disabled
 Compressed Oops: Enabled (32-bit)
 Heap Region Size: 1M
 Heap Min Capacity: 8M
 Heap Initial Capacity: 56M
 Heap Max Capacity: 866M
 Pre-touch: Disabled
 Parallel Workers: 4
 Concurrent Workers: 1
 Concurrent Refinement Workers: 4
 Periodic GC: Disabled
Heap:
 garbage-first heap   total 97280K, used 47135K [0x00000000c9e00000, 0x0000000100000000)
  region size 1024K, 1 young (1024K), 1 survivors (1024K)
 Metaspace       used 59571K, committed 60224K, reserved 1105920K
  class space    used 8332K, committed 8640K, reserved 1048576K
GC Heap History (20 events):
Event: 2090.176 GC heap after
{Heap after GC invocations=31 (full 1):
 garbage-first heap   total 121856K, used 50120K [0x00000000c9e00000, 0x0000000100000000)
  region size 1024K, 3 young (3072K), 3 survivors (3072K)
 Metaspace       used 58929K, committed 59584K, reserved 1105920K
  class space    used 8265K, committed 8576K, reserved 1048576K
}
Event: 2092.389 GC heap before
{Heap before GC invocations=31 (full 1):
 garbage-first heap   total 121856K, used 89032K [0x00000000c9e00000, 0x0000000100000000)
  region size 1024K, 41 young (41984K), 3 survivors (3072K)
 Metaspace       used 58939K, committed 59584K, reserved 1105920K
  class space    used 8267K, committed 8576K, reserved 1048576K
}
Event: 2092.409 GC heap after
{Heap after GC invocations=32 (full 1):
 garbage-first heap   total 121856K, used 59918K [0x00000000c9e00000, 0x0000000100000000)
  region size 1024K, 6 young (6144K), 6 survivors (6144K)
 Metaspace       used 58939K, committed 59584K, reserved 1105920K
  class space    used 8267K, committed 8576K, reserved 1048576K
}
Event: 2096.937 GC heap before
{Heap before GC invocations=32 (full 1):
 garbage-first heap   total 121856K, used 60942K [0x00000000c9e00000, 0x0000000100000000)
  region size 1024K, 8 young (8192K), 6 survivors (6144K)
 Metaspace       used 58942K, committed 59584K, reserved 1105920K
  class space    used 8267K, committed 8576K, reserved 1048576K
}
Event: 2097.025 GC heap after
{Heap after GC invocations=33 (full 2):
 garbage-first heap   total 86016K, used 23639K [0x00000000c9e00000, 0x0000000100000000)
  region size 1024K, 0 young (0K), 0 survivors (0K)
 Metaspace       used 58894K, committed 59584K, reserved 1105920K
  class space    used 8256K, committed 8576K, reserved 1048576K
}
Event: 2099.658 GC heap before
{Heap before GC invocations=33 (full 2):
 garbage-first heap   total 86016K, used 55383K [0x00000000c9e00000, 0x0000000100000000)
  region size 1024K, 31 young (31744K), 0 survivors (0K)
 Metaspace       used 59099K, committed 59712K, reserved 1105920K
  class space    used 8281K, committed 8576K, reserved 1048576K
}
Event: 2099.666 GC heap after
{Heap after GC invocations=34 (full 2):
 garbage-first heap   total 86016K, used 26224K [0x00000000c9e00000, 0x0000000100000000)
  region size 1024K, 3 young (3072K), 3 survivors (3072K)
 Metaspace       used 59099K, committed 59712K, reserved 1105920K
  class space    used 8281K, committed 8576K, reserved 1048576K
}
Event: 2102.304 GC heap before
{Heap before GC invocations=34 (full 2):
 garbage-first heap   total 86016K, used 57968K [0x00000000c9e00000, 0x0000000100000000)
  region size 1024K, 34 young (34816K), 3 survivors (3072K)
 Metaspace       used 59346K, committed 59968K, reserved 1105920K
  class space    used 8303K, committed 8576K, reserved 1048576K
}
Event: 2102.315 GC heap after
{Heap after GC invocations=35 (full 2):
 garbage-first heap   total 86016K, used 28663K [0x00000000c9e00000, 0x0000000100000000)
  region size 1024K, 5 young (5120K), 5 survivors (5120K)
 Metaspace       used 59346K, committed 59968K, reserved 1105920K
  class space    used 8303K, committed 8576K, reserved 1048576K
}
Event: 2103.828 GC heap before
{Heap before GC invocations=35 (full 2):
 garbage-first heap   total 86016K, used 60407K [0x00000000c9e00000, 0x0000000100000000)
  region size 1024K, 36 young (36864K), 5 survivors (5120K)
 Metaspace       used 59559K, committed 60224K, reserved 1105920K
  class space    used 8329K, committed 8640K, reserved 1048576K
}
Event: 2103.838 GC heap after
{Heap after GC invocations=36 (full 2):
 garbage-first heap   total 86016K, used 32108K [0x00000000c9e00000, 0x0000000100000000)
  region size 1024K, 5 young (5120K), 5 survivors (5120K)
 Metaspace       used 59559K, committed 60224K, reserved 1105920K
  class space    used 8329K, committed 8640K, reserved 1048576K
}
Event: 2103.975 GC heap before
{Heap before GC invocations=36 (full 2):
 garbage-first heap   total 86016K, used 61804K [0x00000000c9e00000, 0x0000000100000000)
  region size 1024K, 34 young (34816K), 5 survivors (5120K)
 Metaspace       used 59560K, committed 60224K, reserved 1105920K
  class space    used 8329K, committed 8640K, reserved 1048576K
}
Event: 2103.998 GC heap after
{Heap after GC invocations=37 (full 2):
 garbage-first heap   total 86016K, used 38999K [0x00000000c9e00000, 0x0000000100000000)
  region size 1024K, 5 young (5120K), 5 survivors (5120K)
 Metaspace       used 59560K, committed 60224K, reserved 1105920K
  class space    used 8329K, committed 8640K, reserved 1048576K
}
Event: 2104.189 GC heap before
{Heap before GC invocations=37 (full 2):
 garbage-first heap   total 86016K, used 61527K [0x00000000c9e00000, 0x0000000100000000)
  region size 1024K, 27 young (27648K), 5 survivors (5120K)
 Metaspace       used 59571K, committed 60224K, reserved 1105920K
  class space    used 8332K, committed 8640K, reserved 1048576K
}
Event: 2104.204 GC heap after
{Heap after GC invocations=38 (full 2):
 garbage-first heap   total 86016K, used 43408K [0x00000000c9e00000, 0x0000000100000000)
  region size 1024K, 4 young (4096K), 4 survivors (4096K)
 Metaspace       used 59571K, committed 60224K, reserved 1105920K
  class space    used 8332K, committed 8640K, reserved 1048576K
}
Event: 2104.583 GC heap before
{Heap before GC invocations=38 (full 2):
 garbage-first heap   total 86016K, used 57744K [0x00000000c9e00000, 0x0000000100000000)
  region size 1024K, 19 young (19456K), 4 survivors (4096K)
 Metaspace       used 59571K, committed 60224K, reserved 1105920K
  class space    used 8332K, committed 8640K, reserved 1048576K
}
Event: 2104.596 GC heap after
{Heap after GC invocations=39 (full 2):
 garbage-first heap   total 86016K, used 49002K [0x00000000c9e00000, 0x0000000100000000)
  region size 1024K, 3 young (3072K), 3 survivors (3072K)
 Metaspace       used 59571K, committed 60224K, reserved 1105920K
  class space    used 8332K, committed 8640K, reserved 1048576K
}
Event: 2104.891 GC heap before
{Heap before GC invocations=40 (full 2):
 garbage-first heap   total 97280K, used 59242K [0x00000000c9e00000, 0x0000000100000000)
  region size 1024K, 17 young (17408K), 3 survivors (3072K)
 Metaspace       used 59571K, committed 60224K, reserved 1105920K
  class space    used 8332K, committed 8640K, reserved 1048576K
}
Event: 2104.900 GC heap after
{Heap after GC invocations=41 (full 2):
 garbage-first heap   total 97280K, used 48498K [0x00000000c9e00000, 0x0000000100000000)
  region size 1024K, 3 young (3072K), 3 survivors (3072K)
 Metaspace       used 59571K, committed 60224K, reserved 1105920K
  class space    used 8332K, committed 8640K, reserved 1048576K
}
Event: 2104.905 GC heap before
{Heap before GC invocations=41 (full 2):
 garbage-first heap   total 97280K, used 49522K [0x00000000c9e00000, 0x0000000100000000)
  region size 1024K, 4 young (4096K), 3 survivors (3072K)
 Metaspace       used 59571K, committed 60224K, reserved 1105920K
  class space    used 8332K, committed 8640K, reserved 1048576K
}

